\BOOKMARK [1][-]{section.1}{\376\377\000I\000n\000t\000r\000o\000d\000u\000c\000t\000i\000o\000n}{}% 1
\BOOKMARK [1][-]{section.2}{\376\377\000M\000o\000t\000i\000v\000a\000t\000i\000o\000n\000\040\000a\000n\000d\000\040\000I\000m\000p\000a\000c\000t}{}% 2
\BOOKMARK [1][-]{section.3}{\376\377\000R\000e\000l\000a\000t\000e\000d\000\040\000W\000o\000r\000k}{}% 3
\BOOKMARK [1][-]{section.4}{\376\377\000A\000r\000c\000h\000i\000t\000e\000c\000t\000u\000r\000e\000\040\000O\000v\000e\000r\000v\000i\000e\000w}{}% 4
\BOOKMARK [1][-]{section.5}{\376\377\000M\000e\000t\000h\000o\000d\000o\000l\000o\000g\000y}{}% 5
\BOOKMARK [2][-]{subsection.5.1}{\376\377\000R\000e\000p\000r\000o\000d\000u\000c\000t\000i\000o\000n\000\040\000S\000e\000t\000u\000p}{section.5}% 6
\BOOKMARK [2][-]{subsection.5.2}{\376\377\000F\000a\000s\000t\000\040\000S\000u\000b\000s\000e\000t\000\040\000C\000o\000n\000s\000t\000r\000u\000c\000t\000i\000o\000n}{section.5}% 7
\BOOKMARK [2][-]{subsection.5.3}{\376\377\000I\000m\000p\000r\000o\000v\000e\000m\000e\000n\000t\000\040\000E\000x\000p\000e\000r\000i\000m\000e\000n\000t\000s}{section.5}% 8
\BOOKMARK [2][-]{subsection.5.4}{\376\377\000M\000u\000l\000t\000i\000v\000a\000r\000i\000a\000t\000e\000\040\000E\000x\000t\000e\000n\000s\000i\000o\000n}{section.5}% 9
\BOOKMARK [1][-]{section.6}{\376\377\000R\000e\000p\000r\000o\000d\000u\000c\000t\000i\000o\000n\000\040\000R\000e\000s\000u\000l\000t\000s}{}% 10
\BOOKMARK [1][-]{section.7}{\376\377\000I\000m\000p\000r\000o\000v\000e\000m\000e\000n\000t\000\040\000E\000x\000p\000e\000r\000i\000m\000e\000n\000t\000s}{}% 11
\BOOKMARK [2][-]{subsection.7.1}{\376\377\000N\000o\000r\000m\000a\000l\000i\000z\000a\000t\000i\000o\000n\000\040\000S\000t\000r\000a\000t\000e\000g\000y}{section.7}% 12
\BOOKMARK [2][-]{subsection.7.2}{\376\377\000O\000p\000t\000i\000m\000i\000z\000e\000r\000\040\000S\000e\000l\000e\000c\000t\000i\000o\000n}{section.7}% 13
\BOOKMARK [2][-]{subsection.7.3}{\376\377\000B\000a\000t\000c\000h\000\040\000S\000i\000z\000e\000\040\000E\000f\000f\000e\000c\000t\000s}{section.7}% 14
\BOOKMARK [2][-]{subsection.7.4}{\376\377\000D\000i\000f\000f\000e\000r\000e\000n\000c\000e\000d\000\040\000I\000n\000p\000u\000t\000\040\000C\000h\000a\000n\000n\000e\000l}{section.7}% 15
\BOOKMARK [2][-]{subsection.7.5}{\376\377\000E\000n\000s\000e\000m\000b\000l\000e\000\040\000S\000i\000z\000e\000\040\000A\000n\000a\000l\000y\000s\000i\000s}{section.7}% 16
\BOOKMARK [2][-]{subsection.7.6}{\376\377\000M\000u\000l\000t\000i\000v\000a\000r\000i\000a\000t\000e\000\040\000T\000i\000m\000e\000\040\000S\000e\000r\000i\000e\000s\000\040\000C\000l\000a\000s\000s\000i\000f\000i\000c\000a\000t\000i\000o\000n}{section.7}% 17
\BOOKMARK [1][-]{section.8}{\376\377\000D\000i\000s\000c\000u\000s\000s\000i\000o\000n\000\040\000a\000n\000d\000\040\000L\000e\000s\000s\000o\000n\000s\000\040\000L\000e\000a\000r\000n\000e\000d}{}% 18
\BOOKMARK [1][-]{section.9}{\376\377\000L\000i\000m\000i\000t\000a\000t\000i\000o\000n\000s\000\040\000a\000n\000d\000\040\000F\000u\000t\000u\000r\000e\000\040\000W\000o\000r\000k}{}% 19
\BOOKMARK [1][-]{section.10}{\376\377\000C\000o\000n\000c\000l\000u\000s\000i\000o\000n}{}% 20
\BOOKMARK [1][-]{section*.14}{\376\377\000R\000e\000f\000e\000r\000e\000n\000c\000e\000s}{}% 21
